#
# There is insufficient memory for the Java Runtime Environment to continue.
# Native memory allocation (malloc) failed to allocate 1048576 bytes for AllocateHeap
# Possible reasons:
#   The system is out of physical RAM or swap space
#   In 32 bit mode, the process size limit was hit
# Possible solutions:
#   Reduce memory load on the system
#   Increase physical memory or swap space
#   Check if swap backing store is full
#   Use 64 bit Java on a 64 bit OS
#   Decrease Java heap size (-Xmx/-Xms)
#   Decrease number of Java threads
#   Decrease Java thread stack sizes (-Xss)
#   Set larger code cache with -XX:ReservedCodeCacheSize=
# This output file may be truncated or incomplete.
#
#  Out of Memory Error (memory/allocation.inline.hpp:61), pid=667004, tid=667076
#
# JRE version:  (8.0_72-b15) (build )
# Java VM: Java HotSpot(TM) 64-Bit Server VM (25.72-b15 mixed mode windows-amd64 compressed oops)
# Failed to write core dump. Minidumps are not enabled by default on client versions of Windows
#

---------------  T H R E A D  ---------------

Current thread (0x0000000002441000):  JavaThread "Unknown thread" [_thread_in_vm, id=667076, stack(0x0000000002310000,0x0000000002410000)]

Stack: [0x0000000002310000,0x0000000002410000]
[error occurred during error reporting (printing stack bounds), id 0xc0000005]

Native frames: (J=compiled Java code, j=interpreted, Vv=VM code, C=native code)


---------------  P R O C E S S  ---------------

Java Threads: ( => current thread )

Other Threads:

=>0x0000000002441000 (exited) JavaThread "Unknown thread" [_thread_in_vm, id=667076, stack(0x0000000002310000,0x0000000002410000)]

VM state:not at safepoint (normal execution)

VM Mutex/Monitor currently owned by a thread: None

Heap:
 PSYoungGen      total 57344K, used 983K [0x00000000eab00000, 0x00000000eeb00000, 0x0000000100000000)
  eden space 49152K, 2% used [0x00000000eab00000,0x00000000eabf5c38,0x00000000edb00000)
  from space 8192K, 0% used [0x00000000ee300000,0x00000000ee300000,0x00000000eeb00000)
  to   space 8192K, 0% used [0x00000000edb00000,0x00000000edb00000,0x00000000ee300000)
 ParOldGen       total 131072K, used 0K [0x00000000c0000000, 0x00000000c8000000, 0x00000000eab00000)
  object space 131072K, 0% used [0x00000000c0000000,0x00000000c0000000,0x00000000c8000000)
 Metaspace       used 769K, capacity 4480K, committed 4480K, reserved 1056768K
  class space    used 75K, capacity 384K, committed 384K, reserved 1048576K

Card table byte_map: [0x0000000011900000,0x0000000011b10000] byte_map_base: 0x0000000011300000

Marking Bits: (ParMarkBitMap*) 0x0000000053920600
 Begin Bits: [0x0000000012070000, 0x0000000013070000)
 End Bits:   [0x0000000013070000, 0x0000000014070000)

Polling page: 0x0000000000520000

CodeCache: size=245760Kb used=328Kb max_used=328Kb free=245431Kb
 bounds [0x0000000002540000, 0x00000000027b0000, 0x0000000011540000]
 total_blobs=58 nmethods=0 adapters=38
 compilation: enabled

Compilation events (0 events):
No events

GC Heap History (0 events):
No events

Deoptimization events (0 events):
No events

Internal exceptions (0 events):
No events

Events (10 events):
Event: 0.157 loading class java/lang/Short
Event: 0.157 loading class java/lang/Short done
Event: 0.157 loading class java/lang/Integer
Event: 0.157 loading class java/lang/Integer done
Event: 0.157 loading class java/lang/Long
Event: 0.157 loading class java/lang/Long done
Event: 0.158 loading class java/lang/NullPointerException
Event: 0.158 loading class java/lang/NullPointerException done
Event: 0.158 loading class java/lang/ArithmeticException
Event: 0.158 loading class java/lang/ArithmeticException done


Dynamic libraries:
0x00007ff641080000 - 0x00007ff6410b7000 	D:\JDK\bin\java.exe
0x00007fffbbdb0000 - 0x00007fffbbf71000 	C:\Windows\SYSTEM32\ntdll.dll
0x00007fffb9520000 - 0x00007fffb95cd000 	C:\Windows\system32\KERNEL32.DLL
0x00007fffb8ea0000 - 0x00007fffb9088000 	C:\Windows\system32\KERNELBASE.dll
0x00007fffb9760000 - 0x00007fffb9807000 	C:\Windows\system32\ADVAPI32.dll
0x00007fffb9ec0000 - 0x00007fffb9f5d000 	C:\Windows\system32\msvcrt.dll
0x00007fffb96a0000 - 0x00007fffb96fb000 	C:\Windows\system32\sechost.dll
0x00007fffbb9f0000 - 0x00007fffbbb0c000 	C:\Windows\system32\RPCRT4.dll
0x00007fffba330000 - 0x00007fffba486000 	C:\Windows\system32\USER32.dll
0x00007fffbbb10000 - 0x00007fffbbc96000 	C:\Windows\system32\GDI32.dll
0x00007fffb43c0000 - 0x00007fffb4634000 	C:\Windows\WinSxS\amd64_microsoft.windows.common-controls_6595b64144ccf1df_6.0.10586.0_none_8c15ae12515e1c22\COMCTL32.dll
0x00007fffb9f60000 - 0x00007fffba1dd000 	C:\Windows\system32\combase.dll
0x00007fffb8d80000 - 0x00007fffb8dea000 	C:\Windows\system32\bcryptPrimitives.dll
0x00007fffb9660000 - 0x00007fffb969b000 	C:\Windows\system32\IMM32.DLL
0x0000000052e50000 - 0x0000000052f22000 	D:\JDK\jre\bin\msvcr100.dll
0x0000000053110000 - 0x00000000539a0000 	D:\JDK\jre\bin\server\jvm.dll
0x00007fffb9630000 - 0x00007fffb9638000 	C:\Windows\system32\PSAPI.DLL
0x00007fffb6210000 - 0x00007fffb6219000 	C:\Windows\SYSTEM32\WSOCK32.dll
0x00007fffba1e0000 - 0x00007fffba24b000 	C:\Windows\system32\WS2_32.dll
0x00007fffb6650000 - 0x00007fffb6673000 	C:\Windows\SYSTEM32\WINMM.dll
0x00007fffb61b0000 - 0x00007fffb61ba000 	C:\Windows\SYSTEM32\VERSION.dll
0x00007fffb6620000 - 0x00007fffb664c000 	C:\Windows\SYSTEM32\WINMMBASE.dll
0x00007fffb8ab0000 - 0x00007fffb8af3000 	C:\Windows\system32\cfgmgr32.dll
0x0000000053fa0000 - 0x0000000053faf000 	D:\JDK\jre\bin\verify.dll
0x0000000053f70000 - 0x0000000053f99000 	D:\JDK\jre\bin\java.dll
0x0000000053f50000 - 0x0000000053f66000 	D:\JDK\jre\bin\zip.dll

VM Arguments:
jvm_args: -Djava.awt.headless=true -Xmx1024M -Dfile.encoding=GBK -Duser.country=CN -Duser.language=zh -Duser.variant 
java_command: com.android.dx.command.Main --dex --num-threads=4 --output E:\MyWork\drex\app\build\intermediates\pre-dexed\debug\zxing_f08c78959f288982667a75bed4cd5e7f310502c1.jar E:\MyWork\drex\app\libs\zxing.jar
java_class_path (initial): D:\AndroidSDK\build-tools\23.0.2\lib\dx.jar
Launcher Type: SUN_STANDARD

Environment Variables:
JAVA_HOME=D:\JDK
CLASSPATH=.;D:\JDK\lib;D:\JDK\lib\tools.jar
PATH=D:\AndroidSDK\platform-tools;D:\JDK\bin;D:\JDK\jre\bin;C:\Program Files (x86)\Intel\iCLS Client\;C:\Program Files\Intel\iCLS Client\;C:\Windows\system32;C:\Windows;C:\Windows\System32\Wbem;C:\Windows\System32\WindowsPowerShell\v1.0\;C:\Program Files (x86)\Intel\Intel(R) Management Engine Components\DAL;C:\Program Files\Intel\Intel(R) Management Engine Components\DAL;C:\Program Files (x86)\Intel\Intel(R) Management Engine Components\IPT;C:\Program Files\Intel\Intel(R) Management Engine Components\IPT;C:\Program Files (x86)\NVIDIA Corporation\PhysX\Common
USERNAME=Pssskrl1991
OS=Windows_NT
PROCESSOR_IDENTIFIER=Intel64 Family 6 Model 60 Stepping 3, GenuineIntel



---------------  S Y S T E M  ---------------

OS: Windows 10.0 , 64 bit Build 10586 (10.0.10586.0)

CPU:total 4 (2 cores per cpu, 2 threads per core) family 6 model 60 stepping 3, cmov, cx8, fxsr, mmx, sse, sse2, sse3, ssse3, sse4.1, sse4.2, popcnt, avx, avx2, aes, clmul, erms, lzcnt, ht, tsc, tscinvbit, bmi1, bmi2

Memory: 4k page, physical 12504344k(1538704k free), swap 17674772k(5336k free)

vm_info: Java HotSpot(TM) 64-Bit Server VM (25.72-b15) for windows-amd64 JRE (1.8.0_72-b15), built on Dec 22 2015 19:16:16 by "java_re" with MS VC++ 10.0 (VS2010)

time: Fri Feb 26 17:09:52 2016
elapsed time: 0 seconds (0d 0h 0m 0s)

